6075da74e811c1372833dc0ddc8570cf6092f6283d96c435808faadf25fccf66, https://bohr.wlu.ca/, 2023-02-13 18:08:35.614942, <Response [200]>
87aef8d9f657a13f599b3509582d5a9e4f89d1c8323b9037aff851aa4f53f5df, https://www.wlu.ca, 2023-02-13 18:08:36.002158, <Response [200]>
d3ddac26044e4a0265dcf9dc806ca33d0c2d1b1b93d1e6c0910021496e1093d5, https://www.wlu.ca/future-students/undergraduate/tours-and-events/assets/resources/virtual-tour-waterloo.html, 2023-02-13 18:08:36.365165, <Response [200]>
15c3687a358bec3834d60c8cbeab131ca822706d45bb0ccf1b166e884c6c6707, https://map.concept3d.com/?id=638#!ct/6784,21459,6789,6779,6787,6781,6785,6783,13903,11451, 2023-02-13 18:08:36.749184, <Response [200]>
758c703f6e1a2b29e2e88449a1ecdcfd96d0b91c13537dd0942f77aec314dda2, https://map.concept3d.com/?id=573#!ct/14385,14386,5798,5800,5623,5784,5782,5797,14389,5799, 2023-02-13 18:08:37.191774, <Response [200]>
cb013b053e20abecac92e93423c688bd3594afd4e492cd945119bdf45c3198f8, https://students.wlu.ca/, 2023-02-13 18:08:37.436341, <Response [200]>
937628ea1a17532a4f59ae6d35725daedc3ab749254d5745bde6ed025451cd0d, https://www.wlu.ca/future-students/index.html, 2023-02-13 18:08:37.934070, <Response [200]>
d3ddac26044e4a0265dcf9dc806ca33d0c2d1b1b93d1e6c0910021496e1093d5, https://www.wlu.ca/future-students/undergraduate/tours-and-events/assets/resources/virtual-tour-waterloo.html, 2023-02-13 18:08:38.143809, <Response [200]>
15c3687a358bec3834d60c8cbeab131ca822706d45bb0ccf1b166e884c6c6707, https://map.concept3d.com/?id=638#!ct/6784,21459,6789,6779,6787,6781,6785,6783,13903,11451, 2023-02-13 18:08:38.307428, <Response [200]>
758c703f6e1a2b29e2e88449a1ecdcfd96d0b91c13537dd0942f77aec314dda2, https://map.concept3d.com/?id=573#!ct/14385,14386,5798,5800,5623,5784,5782,5797,14389,5799, 2023-02-13 18:08:38.405440, <Response [200]>
cb013b053e20abecac92e93423c688bd3594afd4e492cd945119bdf45c3198f8, https://students.wlu.ca/, 2023-02-13 18:08:38.715946, <Response [200]>
937628ea1a17532a4f59ae6d35725daedc3ab749254d5745bde6ed025451cd0d, https://www.wlu.ca/future-students/index.html, 2023-02-13 18:08:38.877208, <Response [200]>
d3ddac26044e4a0265dcf9dc806ca33d0c2d1b1b93d1e6c0910021496e1093d5, https://www.wlu.ca/future-students/undergraduate/tours-and-events/assets/resources/virtual-tour-waterloo.html, 2023-02-13 18:08:39.050042, <Response [200]>
15c3687a358bec3834d60c8cbeab131ca822706d45bb0ccf1b166e884c6c6707, https://map.concept3d.com/?id=638#!ct/6784,21459,6789,6779,6787,6781,6785,6783,13903,11451, 2023-02-13 18:08:39.139551, <Response [200]>
758c703f6e1a2b29e2e88449a1ecdcfd96d0b91c13537dd0942f77aec314dda2, https://map.concept3d.com/?id=573#!ct/14385,14386,5798,5800,5623,5784,5782,5797,14389,5799, 2023-02-13 18:08:39.245931, <Response [200]>
cb013b053e20abecac92e93423c688bd3594afd4e492cd945119bdf45c3198f8, https://students.wlu.ca/, 2023-02-13 18:08:39.528354, <Response [200]>
937628ea1a17532a4f59ae6d35725daedc3ab749254d5745bde6ed025451cd0d, https://www.wlu.ca/future-students/index.html, 2023-02-13 18:08:39.736527, <Response [200]>
d3ddac26044e4a0265dcf9dc806ca33d0c2d1b1b93d1e6c0910021496e1093d5, https://www.wlu.ca/future-students/undergraduate/tours-and-events/assets/resources/virtual-tour-waterloo.html, 2023-02-13 18:08:40.062427, <Response [200]>
15c3687a358bec3834d60c8cbeab131ca822706d45bb0ccf1b166e884c6c6707, https://map.concept3d.com/?id=638#!ct/6784,21459,6789,6779,6787,6781,6785,6783,13903,11451, 2023-02-13 18:08:40.164686, <Response [200]>
758c703f6e1a2b29e2e88449a1ecdcfd96d0b91c13537dd0942f77aec314dda2, https://map.concept3d.com/?id=573#!ct/14385,14386,5798,5800,5623,5784,5782,5797,14389,5799, 2023-02-13 18:08:40.275600, <Response [200]>
cb013b053e20abecac92e93423c688bd3594afd4e492cd945119bdf45c3198f8, https://students.wlu.ca/, 2023-02-13 18:08:40.532768, <Response [200]>
937628ea1a17532a4f59ae6d35725daedc3ab749254d5745bde6ed025451cd0d, https://www.wlu.ca/future-students/index.html, 2023-02-13 18:08:40.687887, <Response [200]>
4af4794d5e4722dd13b5449bbe520c45ac33ac759e8a0889d4635fc329e2f7f6, https://www.wlu.ca/future-students/undergraduate/tours-and-events/assets/resources/virtual-tour-brantford.html, 2023-02-13 18:15:21.512769, <Response [200]>
15c3687a358bec3834d60c8cbeab131ca822706d45bb0ccf1b166e884c6c6707, https://map.concept3d.com/?id=638#!ct/6784,21459,6789,6779,6787,6781,6785,6783,13903,11451, 2023-02-13 18:15:21.835782, <Response [200]>
758c703f6e1a2b29e2e88449a1ecdcfd96d0b91c13537dd0942f77aec314dda2, https://map.concept3d.com/?id=573#!ct/14385,14386,5798,5800,5623,5784,5782,5797,14389,5799, 2023-02-13 18:15:22.084985, <Response [200]>
cb013b053e20abecac92e93423c688bd3594afd4e492cd945119bdf45c3198f8, https://students.wlu.ca/, 2023-02-13 18:15:22.451817, <Response [200]>
937628ea1a17532a4f59ae6d35725daedc3ab749254d5745bde6ed025451cd0d, https://www.wlu.ca/future-students/index.html, 2023-02-13 18:15:22.722859, <Response [200]>
d3ddac26044e4a0265dcf9dc806ca33d0c2d1b1b93d1e6c0910021496e1093d5, https://www.wlu.ca/future-students/undergraduate/tours-and-events/assets/resources/virtual-tour-waterloo.html, 2023-02-13 18:15:23.113108, <Response [200]>
15c3687a358bec3834d60c8cbeab131ca822706d45bb0ccf1b166e884c6c6707, https://map.concept3d.com/?id=638#!ct/6784,21459,6789,6779,6787,6781,6785,6783,13903,11451, 2023-02-13 18:15:23.225168, <Response [200]>
758c703f6e1a2b29e2e88449a1ecdcfd96d0b91c13537dd0942f77aec314dda2, https://map.concept3d.com/?id=573#!ct/14385,14386,5798,5800,5623,5784,5782,5797,14389,5799, 2023-02-13 18:15:23.364905, <Response [200]>
cb013b053e20abecac92e93423c688bd3594afd4e492cd945119bdf45c3198f8, https://students.wlu.ca/, 2023-02-13 18:15:23.845142, <Response [200]>
937628ea1a17532a4f59ae6d35725daedc3ab749254d5745bde6ed025451cd0d, https://www.wlu.ca/future-students/index.html, 2023-02-13 18:15:24.201889, <Response [200]>
d3ddac26044e4a0265dcf9dc806ca33d0c2d1b1b93d1e6c0910021496e1093d5, https://www.wlu.ca/future-students/undergraduate/tours-and-events/assets/resources/virtual-tour-waterloo.html, 2023-02-13 18:15:24.663426, <Response [200]>
15c3687a358bec3834d60c8cbeab131ca822706d45bb0ccf1b166e884c6c6707, https://map.concept3d.com/?id=638#!ct/6784,21459,6789,6779,6787,6781,6785,6783,13903,11451, 2023-02-13 18:15:24.784170, <Response [200]>
758c703f6e1a2b29e2e88449a1ecdcfd96d0b91c13537dd0942f77aec314dda2, https://map.concept3d.com/?id=573#!ct/14385,14386,5798,5800,5623,5784,5782,5797,14389,5799, 2023-02-13 18:15:24.847909, <Response [200]>
cb013b053e20abecac92e93423c688bd3594afd4e492cd945119bdf45c3198f8, https://students.wlu.ca/, 2023-02-13 18:15:25.149213, <Response [200]>
937628ea1a17532a4f59ae6d35725daedc3ab749254d5745bde6ed025451cd0d, https://www.wlu.ca/future-students/index.html, 2023-02-13 18:15:25.346136, <Response [200]>
d3ddac26044e4a0265dcf9dc806ca33d0c2d1b1b93d1e6c0910021496e1093d5, https://www.wlu.ca/future-students/undergraduate/tours-and-events/assets/resources/virtual-tour-waterloo.html, 2023-02-13 18:15:25.638459, <Response [200]>
15c3687a358bec3834d60c8cbeab131ca822706d45bb0ccf1b166e884c6c6707, https://map.concept3d.com/?id=638#!ct/6784,21459,6789,6779,6787,6781,6785,6783,13903,11451, 2023-02-13 18:15:26.101984, <Response [200]>
758c703f6e1a2b29e2e88449a1ecdcfd96d0b91c13537dd0942f77aec314dda2, https://map.concept3d.com/?id=573#!ct/14385,14386,5798,5800,5623,5784,5782,5797,14389,5799, 2023-02-13 18:15:26.468823, <Response [200]>
cb013b053e20abecac92e93423c688bd3594afd4e492cd945119bdf45c3198f8, https://students.wlu.ca/, 2023-02-13 18:15:27.191711, <Response [200]>
937628ea1a17532a4f59ae6d35725daedc3ab749254d5745bde6ed025451cd0d, https://www.wlu.ca/future-students/index.html, 2023-02-13 18:15:27.890073, <Response [200]>
d3ddac26044e4a0265dcf9dc806ca33d0c2d1b1b93d1e6c0910021496e1093d5, https://www.wlu.ca/future-students/undergraduate/tours-and-events/assets/resources/virtual-tour-waterloo.html, 2023-02-13 18:15:28.469882, <Response [200]>
15c3687a358bec3834d60c8cbeab131ca822706d45bb0ccf1b166e884c6c6707, https://map.concept3d.com/?id=638#!ct/6784,21459,6789,6779,6787,6781,6785,6783,13903,11451, 2023-02-13 18:15:28.806210, <Response [200]>
758c703f6e1a2b29e2e88449a1ecdcfd96d0b91c13537dd0942f77aec314dda2, https://map.concept3d.com/?id=573#!ct/14385,14386,5798,5800,5623,5784,5782,5797,14389,5799, 2023-02-13 18:15:28.888947, <Response [200]>
cb013b053e20abecac92e93423c688bd3594afd4e492cd945119bdf45c3198f8, https://students.wlu.ca/, 2023-02-13 18:15:29.479107, <Response [200]>
937628ea1a17532a4f59ae6d35725daedc3ab749254d5745bde6ed025451cd0d, https://www.wlu.ca/future-students/index.html, 2023-02-13 18:15:29.832525, <Response [200]>
d3ddac26044e4a0265dcf9dc806ca33d0c2d1b1b93d1e6c0910021496e1093d5, https://www.wlu.ca/future-students/undergraduate/tours-and-events/assets/resources/virtual-tour-waterloo.html, 2023-02-13 18:15:30.153650, <Response [200]>
15c3687a358bec3834d60c8cbeab131ca822706d45bb0ccf1b166e884c6c6707, https://map.concept3d.com/?id=638#!ct/6784,21459,6789,6779,6787,6781,6785,6783,13903,11451, 2023-02-13 18:15:30.299018, <Response [200]>
758c703f6e1a2b29e2e88449a1ecdcfd96d0b91c13537dd0942f77aec314dda2, https://map.concept3d.com/?id=573#!ct/14385,14386,5798,5800,5623,5784,5782,5797,14389,5799, 2023-02-13 18:15:30.922320, <Response [200]>
cb013b053e20abecac92e93423c688bd3594afd4e492cd945119bdf45c3198f8, https://students.wlu.ca/, 2023-02-13 18:15:31.358197, <Response [200]>
937628ea1a17532a4f59ae6d35725daedc3ab749254d5745bde6ed025451cd0d, https://www.wlu.ca/future-students/index.html, 2023-02-13 18:15:31.576303, <Response [200]>
d3ddac26044e4a0265dcf9dc806ca33d0c2d1b1b93d1e6c0910021496e1093d5, https://www.wlu.ca/future-students/undergraduate/tours-and-events/assets/resources/virtual-tour-waterloo.html, 2023-02-13 18:15:32.130856, <Response [200]>
15c3687a358bec3834d60c8cbeab131ca822706d45bb0ccf1b166e884c6c6707, https://map.concept3d.com/?id=638#!ct/6784,21459,6789,6779,6787,6781,6785,6783,13903,11451, 2023-02-13 18:15:32.330920, <Response [200]>
758c703f6e1a2b29e2e88449a1ecdcfd96d0b91c13537dd0942f77aec314dda2, https://map.concept3d.com/?id=573#!ct/14385,14386,5798,5800,5623,5784,5782,5797,14389,5799, 2023-02-13 18:15:32.437537, <Response [200]>
cb013b053e20abecac92e93423c688bd3594afd4e492cd945119bdf45c3198f8, https://students.wlu.ca/, 2023-02-13 18:15:32.958002, <Response [200]>
937628ea1a17532a4f59ae6d35725daedc3ab749254d5745bde6ed025451cd0d, https://www.wlu.ca/future-students/index.html, 2023-02-13 18:15:33.193413, <Response [200]>
d3ddac26044e4a0265dcf9dc806ca33d0c2d1b1b93d1e6c0910021496e1093d5, https://www.wlu.ca/future-students/undergraduate/tours-and-events/assets/resources/virtual-tour-waterloo.html, 2023-02-13 18:15:33.439366, <Response [200]>
15c3687a358bec3834d60c8cbeab131ca822706d45bb0ccf1b166e884c6c6707, https://map.concept3d.com/?id=638#!ct/6784,21459,6789,6779,6787,6781,6785,6783,13903,11451, 2023-02-13 18:15:33.510296, <Response [200]>
758c703f6e1a2b29e2e88449a1ecdcfd96d0b91c13537dd0942f77aec314dda2, https://map.concept3d.com/?id=573#!ct/14385,14386,5798,5800,5623,5784,5782,5797,14389,5799, 2023-02-13 18:15:33.567230, <Response [200]>
cb013b053e20abecac92e93423c688bd3594afd4e492cd945119bdf45c3198f8, https://students.wlu.ca/, 2023-02-13 18:15:34.373190, <Response [200]>
937628ea1a17532a4f59ae6d35725daedc3ab749254d5745bde6ed025451cd0d, https://www.wlu.ca/future-students/index.html, 2023-02-13 18:15:34.702323, <Response [200]>
d3ddac26044e4a0265dcf9dc806ca33d0c2d1b1b93d1e6c0910021496e1093d5, https://www.wlu.ca/future-students/undergraduate/tours-and-events/assets/resources/virtual-tour-waterloo.html, 2023-02-13 18:15:34.902283, <Response [200]>
15c3687a358bec3834d60c8cbeab131ca822706d45bb0ccf1b166e884c6c6707, https://map.concept3d.com/?id=638#!ct/6784,21459,6789,6779,6787,6781,6785,6783,13903,11451, 2023-02-13 18:15:34.969682, <Response [200]>
758c703f6e1a2b29e2e88449a1ecdcfd96d0b91c13537dd0942f77aec314dda2, https://map.concept3d.com/?id=573#!ct/14385,14386,5798,5800,5623,5784,5782,5797,14389,5799, 2023-02-13 18:15:35.080277, <Response [200]>
cb013b053e20abecac92e93423c688bd3594afd4e492cd945119bdf45c3198f8, https://students.wlu.ca/, 2023-02-13 18:15:35.543583, <Response [200]>
937628ea1a17532a4f59ae6d35725daedc3ab749254d5745bde6ed025451cd0d, https://www.wlu.ca/future-students/index.html, 2023-02-13 18:15:35.687035, <Response [200]>
d3ddac26044e4a0265dcf9dc806ca33d0c2d1b1b93d1e6c0910021496e1093d5, https://www.wlu.ca/future-students/undergraduate/tours-and-events/assets/resources/virtual-tour-waterloo.html, 2023-02-13 18:15:35.927189, <Response [200]>
15c3687a358bec3834d60c8cbeab131ca822706d45bb0ccf1b166e884c6c6707, https://map.concept3d.com/?id=638#!ct/6784,21459,6789,6779,6787,6781,6785,6783,13903,11451, 2023-02-13 18:15:36.050104, <Response [200]>
758c703f6e1a2b29e2e88449a1ecdcfd96d0b91c13537dd0942f77aec314dda2, https://map.concept3d.com/?id=573#!ct/14385,14386,5798,5800,5623,5784,5782,5797,14389,5799, 2023-02-13 18:15:36.158046, <Response [200]>
cb013b053e20abecac92e93423c688bd3594afd4e492cd945119bdf45c3198f8, https://students.wlu.ca/, 2023-02-13 18:15:36.605365, <Response [200]>
937628ea1a17532a4f59ae6d35725daedc3ab749254d5745bde6ed025451cd0d, https://www.wlu.ca/future-students/index.html, 2023-02-13 18:15:36.763009, <Response [200]>
d3ddac26044e4a0265dcf9dc806ca33d0c2d1b1b93d1e6c0910021496e1093d5, https://www.wlu.ca/future-students/undergraduate/tours-and-events/assets/resources/virtual-tour-waterloo.html, 2023-02-13 18:15:37.251792, <Response [200]>
15c3687a358bec3834d60c8cbeab131ca822706d45bb0ccf1b166e884c6c6707, https://map.concept3d.com/?id=638#!ct/6784,21459,6789,6779,6787,6781,6785,6783,13903,11451, 2023-02-13 18:15:37.452070, <Response [200]>
cb013b053e20abecac92e93423c688bd3594afd4e492cd945119bdf45c3198f8, https://students.wlu.ca/, 2023-02-13 18:15:37.971614, <Response [200]>
937628ea1a17532a4f59ae6d35725daedc3ab749254d5745bde6ed025451cd0d, https://www.wlu.ca/future-students/index.html, 2023-02-13 18:15:38.266811, <Response [200]>
d3ddac26044e4a0265dcf9dc806ca33d0c2d1b1b93d1e6c0910021496e1093d5, https://www.wlu.ca/future-students/undergraduate/tours-and-events/assets/resources/virtual-tour-waterloo.html, 2023-02-13 18:15:38.639648, <Response [200]>
758c703f6e1a2b29e2e88449a1ecdcfd96d0b91c13537dd0942f77aec314dda2, https://map.concept3d.com/?id=573#!ct/14385,14386,5798,5800,5623,5784,5782,5797,14389,5799, 2023-02-13 18:15:38.936958, <Response [200]>
